{"numTotalTestSuites":6,"numPassedTestSuites":6,"numFailedTestSuites":0,"numPendingTestSuites":0,"numTotalTests":51,"numPassedTests":51,"numFailedTests":0,"numPendingTests":0,"numTodoTests":0,"snapshot":{"added":0,"failure":false,"filesAdded":0,"filesRemoved":0,"filesRemovedList":[],"filesUnmatched":0,"filesUpdated":0,"matched":0,"total":0,"unchecked":0,"uncheckedKeysByFile":[],"unmatched":0,"updated":0,"didUpdate":false},"startTime":1789441722240,"success":true,"testResults":[{"assertionResults":[{"ancestorTitles":[],"fullName":"override workflow blocks missing rationale and submits human decision separately","status":"passed","title":"override workflow blocks missing rationale and submits human decision separately","duration":103.34616600000004,"failureMessages":[],"meta":{}},{"ancestorTitles":[],"fullName":"centre selection aggregates and save retains selection","status":"passed","title":"centre selection aggregates and save retains selection","duration":27.422666999999933,"failureMessages":[],"meta":{}},{"ancestorTitles":[],"fullName":"live actions use recommendation without retyping and recovery exposes checks","status":"passed","title":"live actions use recommendation without retyping and recovery exposes checks","duration":31.39904200000001,"failureMessages":[],"meta":{}}],"startTime":1789441722882,"endTime":1789441723044.399,"status":"passed","message":"","name":"/Users/timjarden-ross/Documents/Codex/2026-09-15/files-pasted-by-the-user-mission/outputs/climate-resilience/tests/integration/workflows.test.tsx"},{"assertionResults":[{"ancestorTitles":["condition / exposure engine"],"fullName":"condition / exposure engine T0 routine monitoring","status":"passed","title":"T0 routine monitoring","duration":1.0931659999999965,"failureMessages":[],"meta":{}},{"ancestorTitles":["condition / exposure engine"],"fullName":"condition / exposure engine fire T1 requires supported geographic exposure","status":"passed","title":"fire T1 requires supported geographic exposure","duration":0.16279200000002447,"failureMessages":[],"meta":{}},{"ancestorTitles":["condition / exposure engine"],"fullName":"condition / exposure engine fire T2 requires supported geographic exposure","status":"passed","title":"fire T2 requires supported geographic exposure","duration":0.13712500000002592,"failureMessages":[],"meta":{}},{"ancestorTitles":["condition / exposure engine"],"fullName":"condition / exposure engine fire T3 requires supported geographic exposure","status":"passed","title":"fire T3 requires supported geographic exposure","duration":0.12191699999999628,"failureMessages":[],"meta":{}},{"ancestorTitles":["condition / exposure engine"],"fullName":"condition / exposure engine heat T1 requires supported geographic exposure","status":"passed","title":"heat T1 requires supported geographic exposure","duration":0.14387500000003683,"failureMessages":[],"meta":{}},{"ancestorTitles":["condition / exposure engine"],"fullName":"condition / exposure engine heat T2 requires supported geographic exposure","status":"passed","title":"heat T2 requires supported geographic exposure","duration":0.1424170000000231,"failureMessages":[],"meta":{}},{"ancestorTitles":["condition / exposure engine"],"fullName":"condition / exposure engine heat T3 requires supported geographic exposure","status":"passed","title":"heat T3 requires supported geographic exposure","duration":0.0659170000000131,"failureMessages":[],"meta":{}},{"ancestorTitles":["condition / exposure engine"],"fullName":"condition / exposure engine flood T1 requires supported geographic exposure","status":"passed","title":"flood T1 requires supported geographic exposure","duration":0.05349999999998545,"failureMessages":[],"meta":{}},{"ancestorTitles":["condition / exposure engine"],"fullName":"condition / exposure engine flood T2 requires supported geographic exposure","status":"passed","title":"flood T2 requires supported geographic exposure","duration":0.06154199999997445,"failureMessages":[],"meta":{}},{"ancestorTitles":["condition / exposure engine"],"fullName":"condition / exposure engine flood T3 requires supported geographic exposure","status":"passed","title":"flood T3 requires supported geographic exposure","duration":0.06824999999997772,"failureMessages":[],"meta":{}},{"ancestorTitles":["condition / exposure engine"],"fullName":"condition / exposure engine storm T1 requires supported geographic exposure","status":"passed","title":"storm T1 requires supported geographic exposure","duration":0.056958000000008724,"failureMessages":[],"meta":{}},{"ancestorTitles":["condition / exposure engine"],"fullName":"condition / exposure engine storm T2 requires supported geographic exposure","status":"passed","title":"storm T2 requires supported geographic exposure","duration":0.06012500000002774,"failureMessages":[],"meta":{}},{"ancestorTitles":["condition / exposure engine"],"fullName":"condition / exposure engine storm T3 requires supported geographic exposure","status":"passed","title":"storm T3 requires supported geographic exposure","duration":0.04399999999998272,"failureMessages":[],"meta":{}},{"ancestorTitles":["condition / exposure engine"],"fullName":"condition / exposure engine tropical T1 requires supported geographic exposure","status":"passed","title":"tropical T1 requires supported geographic exposure","duration":0.05020799999999781,"failureMessages":[],"meta":{}},{"ancestorTitles":["condition / exposure engine"],"fullName":"condition / exposure engine tropical T2 requires supported geographic exposure","status":"passed","title":"tropical T2 requires supported geographic exposure","duration":0.041166999999973086,"failureMessages":[],"meta":{}},{"ancestorTitles":["condition / exposure engine"],"fullName":"condition / exposure engine tropical T3 requires supported geographic exposure","status":"passed","title":"tropical T3 requires supported geographic exposure","duration":0.03995800000001282,"failureMessages":[],"meta":{}},{"ancestorTitles":["condition / exposure engine"],"fullName":"condition / exposure engine utilities T1 requires supported geographic exposure","status":"passed","title":"utilities T1 requires supported geographic exposure","duration":0.039917000000002645,"failureMessages":[],"meta":{}},{"ancestorTitles":["condition / exposure engine"],"fullName":"condition / exposure engine utilities T2 requires supported geographic exposure","status":"passed","title":"utilities T2 requires supported geographic exposure","duration":0.04075000000000273,"failureMessages":[],"meta":{}},{"ancestorTitles":["condition / exposure engine"],"fullName":"condition / exposure engine utilities T3 requires supported geographic exposure","status":"passed","title":"utilities T3 requires supported geographic exposure","duration":0.039542000000039934,"failureMessages":[],"meta":{}},{"ancestorTitles":["condition / exposure engine"],"fullName":"condition / exposure engine skips levels on immediate safety even with exposure unknown","status":"passed","title":"skips levels on immediate safety even with exposure unknown","duration":0.07474999999999454,"failureMessages":[],"meta":{}},{"ancestorTitles":["condition / exposure engine"],"fullName":"condition / exposure engine observed impact does not require warning","status":"passed","title":"observed impact does not require warning","duration":0.06254100000001017,"failureMessages":[],"meta":{}},{"ancestorTitles":["condition / exposure engine"],"fullName":"condition / exposure engine warning expiry with material effects still acts unless recovery explicitly selected","status":"passed","title":"warning expiry with material effects still acts unless recovery explicitly selected","duration":0.04645900000002712,"failureMessages":[],"meta":{}},{"ancestorTitles":["condition / exposure engine"],"fullName":"condition / exposure engine warning outside footprint does not activate","status":"passed","title":"warning outside footprint does not activate","duration":0.038250000000005,"failureMessages":[],"meta":{}},{"ancestorTitles":["condition / exposure engine"],"fullName":"condition / exposure engine warning at relevant footprint activates","status":"passed","title":"warning at relevant footprint activates","duration":0.03570799999999963,"failureMessages":[],"meta":{}},{"ancestorTitles":["condition / exposure engine"],"fullName":"condition / exposure engine Critical Operation YES always escalates","status":"passed","title":"Critical Operation YES always escalates","duration":0.09945799999997007,"failureMessages":[],"meta":{}},{"ancestorTitles":["condition / exposure engine"],"fullName":"condition / exposure engine Critical Operation UNCERTAIN always escalates","status":"passed","title":"Critical Operation UNCERTAIN always escalates","duration":0.028084000000035303,"failureMessages":[],"meta":{}},{"ancestorTitles":["condition / exposure engine"],"fullName":"condition / exposure engine unknown advice / conflicting information remain visible","status":"passed","title":"unknown advice / conflicting information remain visible","duration":0.050583000000017364,"failureMessages":[],"meta":{}},{"ancestorTitles":["condition / exposure engine"],"fullName":"condition / exposure engine primary unavailable maintains authority chain","status":"passed","title":"primary unavailable maintains authority chain","duration":0.03808299999997189,"failureMessages":[],"meta":{}},{"ancestorTitles":["condition / exposure engine"],"fullName":"condition / exposure engine recovery remains T4 until every check clear","status":"passed","title":"recovery remains T4 until every check clear","duration":0.10104200000000674,"failureMessages":[],"meta":{}},{"ancestorTitles":["condition / exposure engine"],"fullName":"condition / exposure engine broader direction requires approval, not ordinary safety communication","status":"passed","title":"broader direction requires approval, not ordinary safety communication","duration":0.5662909999999783,"failureMessages":[],"meta":{}},{"ancestorTitles":["condition / exposure engine"],"fullName":"condition / exposure engine overrides require rationale","status":"passed","title":"overrides require rationale","duration":0.09120799999999463,"failureMessages":[],"meta":{}},{"ancestorTitles":["condition / exposure engine"],"fullName":"condition / exposure engine unknown centre counts stay unknown; total overrides avoid double-count","status":"passed","title":"unknown centre counts stay unknown; total overrides avoid double-count","duration":0.48116599999997334,"failureMessages":[],"meta":{}},{"ancestorTitles":["records and imports"],"fullName":"records and imports preserves snapshots, human override, differences and previous version","status":"passed","title":"preserves snapshots, human override, differences and previous version","duration":0.833582999999976,"failureMessages":[],"meta":{}},{"ancestorTitles":["records and imports"],"fullName":"records and imports draft and reassessment export round trip","status":"passed","title":"draft and reassessment export round trip","duration":3.0690420000000245,"failureMessages":[],"meta":{}},{"ancestorTitles":["records and imports"],"fullName":"records and imports rejects corruption, incompatible schema and duplicates","status":"passed","title":"rejects corruption, incompatible schema and duplicates","duration":1.4387090000000171,"failureMessages":[],"meta":{}},{"ancestorTitles":["records and imports"],"fullName":"records and imports unknown future schema is not destructively migrated","status":"passed","title":"unknown future schema is not destructively migrated","duration":0.1256670000000213,"failureMessages":[],"meta":{}},{"ancestorTitles":["records and imports"],"fullName":"records and imports keep and replace conflict modes explicit, unrelated records survive","status":"passed","title":"keep and replace conflict modes explicit, unrelated records survive","duration":1.59212500000001,"failureMessages":[],"meta":{}},{"ancestorTitles":["records and imports"],"fullName":"records and imports closure needs recovery and rationale; reopen preserves evidence","status":"passed","title":"closure needs recovery and rationale; reopen preserves evidence","duration":0.39095799999995506,"failureMessages":[],"meta":{}},{"ancestorTitles":["records and imports"],"fullName":"records and imports CSV supports quotes, commas, multiline and unknown numbers","status":"passed","title":"CSV supports quotes, commas, multiline and unknown numbers","duration":0.550790999999947,"failureMessages":[],"meta":{}},{"ancestorTitles":["records and imports"],"fullName":"records and imports CSV formula cells are escaped for spreadsheet use","status":"passed","title":"CSV formula cells are escaped for spreadsheet use","duration":0.0594159999999988,"failureMessages":[],"meta":{}},{"ancestorTitles":["records and imports"],"fullName":"records and imports WORKFORCE UPDATE includes five communication elements","status":"passed","title":"WORKFORCE UPDATE includes five communication elements","duration":0.2103749999999991,"failureMessages":[],"meta":{}},{"ancestorTitles":["records and imports"],"fullName":"records and imports PEOPLE LEADER UPDATE includes five communication elements","status":"passed","title":"PEOPLE LEADER UPDATE includes five communication elements","duration":0.11041700000004084,"failureMessages":[],"meta":{}},{"ancestorTitles":["records and imports"],"fullName":"records and imports SENIOR LEADERSHIP BRIEF includes five communication elements","status":"passed","title":"SENIOR LEADERSHIP BRIEF includes five communication elements","duration":0.45204100000000835,"failureMessages":[],"meta":{}},{"ancestorTitles":["records and imports"],"fullName":"records and imports EVENT STATUS SUMMARY includes five communication elements","status":"passed","title":"EVENT STATUS SUMMARY includes five communication elements","duration":0.13700000000000045,"failureMessages":[],"meta":{}},{"ancestorTitles":[],"fullName":"rejects missing recovery keys and broken assessment centre references","status":"passed","title":"rejects missing recovery keys and broken assessment centre references","duration":0.5722499999999968,"failureMessages":[],"meta":{}},{"ancestorTitles":[],"fullName":"cannot close while active safety is retained even with clear recovery checks","status":"passed","title":"cannot close while active safety is retained even with clear recovery checks","duration":0.15075000000001637,"failureMessages":[],"meta":{}}],"startTime":1789441722775,"endTime":1789441722789.1506,"status":"passed","message":"","name":"/Users/timjarden-ross/Documents/Codex/2026-09-15/files-pasted-by-the-user-mission/outputs/climate-resilience/tests/unit/domain.test.ts"},{"assertionResults":[{"ancestorTitles":[],"fullName":"IndexedDB commits atomically, survives reload and rejects stale writers","status":"passed","title":"IndexedDB commits atomically, survives reload and rejects stale writers","duration":6.964750000000038,"failureMessages":[],"meta":{}}],"startTime":1789441722769,"endTime":1789441722775.9648,"status":"passed","message":"","name":"/Users/timjarden-ross/Documents/Codex/2026-09-15/files-pasted-by-the-user-mission/outputs/climate-resilience/tests/unit/repository.test.ts"},{"assertionResults":[{"ancestorTitles":[],"fullName":"embedded after-hours inject sequence preserves decisions and enterprise hand-off","status":"passed","title":"embedded after-hours inject sequence preserves decisions and enterprise hand-off","duration":3.242541000000017,"failureMessages":[],"meta":{}}],"startTime":1789441722773,"endTime":1789441722776.2424,"status":"passed","message":"","name":"/Users/timjarden-ross/Documents/Codex/2026-09-15/files-pasted-by-the-user-mission/outputs/climate-resilience/tests/unit/tabletop.test.ts"}]}